<?xml version="1.0" encoding="UTF-8"?>
<testng-results ignored="0" total="2" passed="2" failed="0" skipped="0">
  <reporter-output>
  </reporter-output>
  <suite started-at="2026-03-07T00:20:53 IST" name="Default suite" finished-at="2026-03-07T00:21:06 IST" duration-ms="12830">
    <groups>
    </groups>
    <test started-at="2026-03-07T00:20:53 IST" name="Default test" finished-at="2026-03-07T00:21:06 IST" duration-ms="12830">
      <class name="tests.LoginTest">
        <test-method is-config="true" signature="setup()[pri:0, instance:tests.LoginTest@72967906]" started-at="2026-03-07T00:20:53 IST" name="setup" finished-at="2026-03-07T00:21:00 IST" duration-ms="7087" status="PASS">
          <reporter-output>
          </reporter-output>
        </test-method> <!-- setup -->
        <test-method signature="invalidLoginTest()[pri:0, instance:tests.LoginTest@72967906]" started-at="2026-03-07T00:21:00 IST" name="invalidLoginTest" finished-at="2026-03-07T00:21:01 IST" duration-ms="678" status="PASS">
          <reporter-output>
          </reporter-output>
        </test-method> <!-- invalidLoginTest -->
        <test-method is-config="true" signature="tearDown()[pri:0, instance:tests.LoginTest@72967906]" started-at="2026-03-07T00:21:01 IST" name="tearDown" finished-at="2026-03-07T00:21:01 IST" duration-ms="534" status="PASS">
          <reporter-output>
          </reporter-output>
        </test-method> <!-- tearDown -->
        <test-method is-config="true" signature="setup()[pri:0, instance:tests.LoginTest@72967906]" started-at="2026-03-07T00:21:01 IST" name="setup" finished-at="2026-03-07T00:21:04 IST" duration-ms="3239" status="PASS">
          <reporter-output>
          </reporter-output>
        </test-method> <!-- setup -->
        <test-method signature="validLoginTest()[pri:0, instance:tests.LoginTest@72967906]" started-at="2026-03-07T00:21:04 IST" name="validLoginTest" finished-at="2026-03-07T00:21:05 IST" duration-ms="651" status="PASS">
          <reporter-output>
          </reporter-output>
        </test-method> <!-- validLoginTest -->
        <test-method is-config="true" signature="tearDown()[pri:0, instance:tests.LoginTest@72967906]" started-at="2026-03-07T00:21:05 IST" name="tearDown" finished-at="2026-03-07T00:21:06 IST" duration-ms="556" status="PASS">
          <reporter-output>
          </reporter-output>
        </test-method> <!-- tearDown -->
      </class> <!-- tests.LoginTest -->
    </test> <!-- Default test -->
  </suite> <!-- Default suite -->
</testng-results>
